mode: set
github.com/pluralsight/webservice/models/task.go:20.25,22.26 2 0
github.com/pluralsight/webservice/models/task.go:27.2,27.12 1 0
github.com/pluralsight/webservice/models/task.go:22.26,23.19 1 0
github.com/pluralsight/webservice/models/task.go:23.19,25.4 1 0
github.com/pluralsight/webservice/models/task.go:30.36,31.15 1 0
github.com/pluralsight/webservice/models/task.go:34.2,34.38 1 0
github.com/pluralsight/webservice/models/task.go:37.2,40.15 4 0
github.com/pluralsight/webservice/models/task.go:31.15,33.3 1 0
github.com/pluralsight/webservice/models/task.go:34.38,36.3 1 0
github.com/pluralsight/webservice/models/task.go:43.40,44.26 1 0
github.com/pluralsight/webservice/models/task.go:50.2,50.62 1 0
github.com/pluralsight/webservice/models/task.go:44.26,45.17 1 0
github.com/pluralsight/webservice/models/task.go:45.17,47.4 1 0
github.com/pluralsight/webservice/models/task.go:53.39,54.34 1 0
github.com/pluralsight/webservice/models/task.go:61.2,61.64 1 0
github.com/pluralsight/webservice/models/task.go:54.34,55.27 1 0
github.com/pluralsight/webservice/models/task.go:55.27,58.4 2 0
github.com/pluralsight/webservice/models/task.go:64.35,65.26 1 1
github.com/pluralsight/webservice/models/task.go:72.2,72.54 1 1
github.com/pluralsight/webservice/models/task.go:65.26,66.17 1 1
github.com/pluralsight/webservice/models/task.go:66.17,69.4 2 1
github.com/pluralsight/webservice/models/user.go:19.25,21.2 1 0
github.com/pluralsight/webservice/models/user.go:23.36,24.15 1 0
github.com/pluralsight/webservice/models/user.go:27.2,30.15 4 0
github.com/pluralsight/webservice/models/user.go:24.15,26.3 1 0
github.com/pluralsight/webservice/models/user.go:33.40,34.26 1 0
github.com/pluralsight/webservice/models/user.go:40.2,40.62 1 0
github.com/pluralsight/webservice/models/user.go:34.26,35.17 1 0
github.com/pluralsight/webservice/models/user.go:35.17,37.4 1 0
github.com/pluralsight/webservice/models/user.go:43.39,44.34 1 0
github.com/pluralsight/webservice/models/user.go:51.2,51.64 1 0
github.com/pluralsight/webservice/models/user.go:44.34,45.27 1 0
github.com/pluralsight/webservice/models/user.go:45.27,48.4 2 0
github.com/pluralsight/webservice/models/user.go:54.35,55.26 1 0
github.com/pluralsight/webservice/models/user.go:62.2,62.54 1 0
github.com/pluralsight/webservice/models/user.go:55.26,56.17 1 0
github.com/pluralsight/webservice/models/user.go:56.17,59.4 2 0
